/var/spool/slurmd/job4413669/slurm_script: line 13: conda: command not found
r22
Thu Jun 27 00:51:30 PDT 2024
Date and time: 2024-06-27 00:51:33.554642
len_slice  n_select_slc  beams  n_optimization_restarts  output_file
3 2 1 10 best_slices_test.txt
Redshifts:  [0.  0.2 0.5 1.  2.  3. ]
Computing loss function for slice 0
 /rhome/yyang440/bigdata/anaconda3/envs/gpy-env/lib/python3.8/site-packages/GPy/kern/src/stationary.py:137: RuntimeWarning:overflow encountered in square
 /rhome/yyang440/bigdata/anaconda3/envs/gpy-env/lib/python3.8/site-packages/GPy/kern/src/stationary.py:138: RuntimeWarning:invalid value encountered in add
Time now: 2024-06-27 00:51:48.966671
Loss function for slice 0 = 0.05914205996246664
Computing loss function for slice 1
 /rhome/yyang440/bigdata/anaconda3/envs/gpy-env/lib/python3.8/site-packages/GPy/kern/src/stationary.py:243: RuntimeWarning:invalid value encountered in true_divide
Time now: 2024-06-27 00:51:54.324136
Loss function for slice 1 = 0.04908602600357812
Computing loss function for slice 2
Time now: 2024-06-27 00:51:58.908273
Loss function for slice 2 = 0.07850653118810494
Computing loss function for slice 3
Time now: 2024-06-27 00:52:02.570261
Loss function for slice 3 = 0.04872626040865887
Computing loss function for slice 4
Time now: 2024-06-27 00:52:07.199750
Loss function for slice 4 = 0.04848510422002949
Computing loss function for slice 5
