r28
Thu Feb 15 23:35:17 PST 2024
--job-name=emu
training the emulator based on the data of z = 0
reconstraining parameters GP_regression.Gaussian_noise.variance
 /rhome/yyang440/bigdata/anaconda3/envs/nbodykit-env/lib/python3.8/site-packages/paramz/transformations.py:111: RuntimeWarning:overflow encountered in expm1
 /rhome/yyang440/bigdata/anaconda3/envs/nbodykit-env/lib/python3.8/site-packages/GPy/kern/src/stationary.py:137: RuntimeWarning:overflow encountered in square
 /rhome/yyang440/bigdata/anaconda3/envs/nbodykit-env/lib/python3.8/site-packages/GPy/kern/src/stationary.py:138: RuntimeWarning:overflow encountered in multiply
 /rhome/yyang440/bigdata/anaconda3/envs/nbodykit-env/lib/python3.8/site-packages/GPy/kern/src/stationary.py:138: RuntimeWarning:overflow encountered in add
 /rhome/yyang440/bigdata/anaconda3/envs/nbodykit-env/lib/python3.8/site-packages/GPy/kern/src/stationary.py:138: RuntimeWarning:invalid value encountered in add
Optimization restart 1/20, f = -250.42181051855692
Optimization restart 2/20, f = -250.33981131423417
Optimization restart 3/20, f = -249.88899211555216
Optimization restart 4/20, f = -243.33468234237176
Optimization restart 5/20, f = -251.05020875014912
Optimization restart 6/20, f = -250.1827443238048
Optimization restart 7/20, f = -250.88908334684564
Optimization restart 8/20, f = -250.7953854893101
Optimization restart 9/20, f = -250.4937147955041
Optimization restart 10/20, f = -250.39266647381828
Optimization restart 11/20, f = -250.1354516724149
Optimization restart 12/20, f = -250.16141796083912
Optimization restart 13/20, f = -249.89532209474444
Optimization restart 14/20, f = -251.03994092431458
Optimization restart 15/20, f = -249.95177074042576
Optimization restart 16/20, f = -252.103501738936
Optimization restart 17/20, f = -251.99698714456747
Optimization restart 18/20, f = -249.55792035540333
Optimization restart 19/20, f = -250.14233477295156
Optimization restart 20/20, f = -247.44886118993293
reconstraining parameters GP_regression.Gaussian_noise.variance
Optimization restart 1/20, f = -254.87196221274542
Optimization restart 2/20, f = -255.64020357390103
Optimization restart 3/20, f = -255.9949871523791
Optimization restart 4/20, f = -256.24470041381437
Optimization restart 5/20, f = -255.29767051262502
Optimization restart 6/20, f = -254.7804147559129
Optimization restart 7/20, f = -254.89153309407487
Optimization restart 8/20, f = -255.71256997974115
Optimization restart 9/20, f = -256.19664150617433
Optimization restart 10/20, f = -255.36438949785037
Optimization restart 11/20, f = -253.34636204746556
Optimization restart 12/20, f = -254.0470841675709
Optimization restart 13/20, f = -254.6519665080728
Optimization restart 14/20, f = -254.6709378082693
Optimization restart 15/20, f = -256.1500090549644
Optimization restart 16/20, f = -255.01092587351337
Optimization restart 17/20, f = -254.41366989428298
Optimization restart 18/20, f = -255.22461108508057
Optimization restart 19/20, f = -254.8530244764251
Optimization restart 20/20, f = -252.53606252922583
reconstraining parameters GP_regression.Gaussian_noise.variance
Optimization restart 1/20, f = -61.6968945295246
Optimization restart 2/20, f = -61.283807085580875
Optimization restart 3/20, f = -61.27587294005794
Optimization restart 4/20, f = -18.04087332431233
Optimization restart 5/20, f = -61.6968945695706
Optimization restart 6/20, f = -61.69689456704306
Optimization restart 7/20, f = -61.696894556764775
Optimization restart 8/20, f = -61.28278514150243
Optimization restart 9/20, f = -16.77506802405853
Optimization restart 10/20, f = -61.696894567410254
Optimization restart 11/20, f = -61.01446857229094
Optimization restart 12/20, f = -18.040874364272696
Optimization restart 13/20, f = -61.69689456984585
Optimization restart 14/20, f = -61.696894571738994
Optimization restart 15/20, f = -61.69689456424291
Optimization restart 16/20, f = -61.28365054925739
Optimization restart 17/20, f = -61.69689457252498
Optimization restart 18/20, f = -61.284063866894584
Optimization restart 19/20, f = -61.69689456309757
Optimization restart 20/20, f = -53.610601455485046
reconstraining parameters GP_regression.Gaussian_noise.variance
Optimization restart 1/20, f = -256.5619351187775
Optimization restart 2/20, f = -259.4058556629678
Optimization restart 3/20, f = -260.16616914162097
Optimization restart 4/20, f = -259.56784980946725
Optimization restart 5/20, f = -259.13582200958933
Optimization restart 6/20, f = -259.4282936335818
Optimization restart 7/20, f = -259.51680529244686
Optimization restart 8/20, f = -260.3760489589647
Optimization restart 9/20, f = -259.42143031146225
Optimization restart 10/20, f = -259.06236747985145
Optimization restart 11/20, f = -259.6701647620999
Optimization restart 12/20, f = -260.35690235833476
Optimization restart 13/20, f = -260.27843938437843
Optimization restart 14/20, f = -259.4403016054215
Optimization restart 15/20, f = -260.69435318617917
Optimization restart 16/20, f = -260.3971928399665
Optimization restart 17/20, f = -260.1358465407127
Optimization restart 18/20, f = -258.60842677945067
Optimization restart 19/20, f = -259.5433271075851
Optimization restart 20/20, f = -255.96072655670696
reconstraining parameters GP_regression.Gaussian_noise.variance
Optimization restart 1/20, f = -255.66490897572962
Optimization restart 2/20, f = -255.77923753372394
Optimization restart 3/20, f = -254.6965226144573
Optimization restart 4/20, f = -255.7255894495264
Optimization restart 5/20, f = -253.71731671656966
Optimization restart 6/20, f = -255.45310537587497
Optimization restart 7/20, f = -254.7976247406068
Optimization restart 8/20, f = -255.18611512730257
Optimization restart 9/20, f = -255.1482771563853
Optimization restart 10/20, f = -255.93182787332682
Optimization restart 11/20, f = -256.0081425283493
Optimization restart 12/20, f = -254.35388896402168
Optimization restart 13/20, f = -255.3106821990965
Optimization restart 14/20, f = -254.11169777072644
Optimization restart 15/20, f = -255.31925062437384
Optimization restart 16/20, f = -253.82798333493366
Optimization restart 17/20, f = -255.1436583992682
Optimization restart 18/20, f = -255.78171978863585
Optimization restart 19/20, f = -255.952921738456
Optimization restart 20/20, f = -252.67101578928674
reconstraining parameters GP_regression.Gaussian_noise.variance
 /rhome/yyang440/bigdata/anaconda3/envs/nbodykit-env/lib/python3.8/site-packages/GPy/kern/src/stationary.py:168: RuntimeWarning:overflow encountered in true_divide
 /rhome/yyang440/bigdata/anaconda3/envs/nbodykit-env/lib/python3.8/site-packages/GPy/kern/src/rbf.py:52: RuntimeWarning:overflow encountered in square
 /rhome/yyang440/bigdata/anaconda3/envs/nbodykit-env/lib/python3.8/site-packages/GPy/kern/src/rbf.py:76: RuntimeWarning:invalid value encountered in multiply
 /rhome/yyang440/bigdata/anaconda3/envs/nbodykit-env/lib/python3.8/site-packages/GPy/kern/src/stationary.py:168: RuntimeWarning:overflow encountered in true_divide
 /rhome/yyang440/bigdata/anaconda3/envs/nbodykit-env/lib/python3.8/site-packages/GPy/kern/src/rbf.py:52: RuntimeWarning:overflow encountered in square
 /rhome/yyang440/bigdata/anaconda3/envs/nbodykit-env/lib/python3.8/site-packages/GPy/kern/src/rbf.py:76: RuntimeWarning:invalid value encountered in multiply
 /rhome/yyang440/bigdata/anaconda3/envs/nbodykit-env/lib/python3.8/site-packages/GPy/kern/src/rbf.py:52: RuntimeWarning:overflow encountered in square
Optimization restart 1/20, f = -19.032910162661366
Optimization restart 2/20, f = -61.39338490936315
Optimization restart 3/20, f = -54.04001183705512
Optimization restart 4/20, f = -61.393384909690525
Optimization restart 5/20, f = -61.393384903575836
Optimization restart 6/20, f = -52.99735557400476
Optimization restart 7/20, f = -61.393384925612494
Optimization restart 8/20, f = -60.59767312026506
Optimization restart 9/20, f = -60.60530550305465
Optimization restart 10/20, f = -60.60074276623206
Optimization restart 11/20, f = -61.39338490894589
Optimization restart 12/20, f = -61.39338490420471
Optimization restart 13/20, f = -61.39338466655056
Optimization restart 14/20, f = -62.401689902047096
Optimization restart 15/20, f = -61.393384915274055
Optimization restart 16/20, f = -60.59252955312145
Optimization restart 17/20, f = -61.39338491474136
Optimization restart 18/20, f = -60.6030716109464
Optimization restart 19/20, f = -61.24270838707841
Optimization restart 20/20, f = -55.83781314632971
reconstraining parameters GP_regression.Gaussian_noise.variance
Optimization restart 1/20, f = -256.6712374943474
Optimization restart 2/20, f = -257.0911829304083
Optimization restart 3/20, f = -256.832255561996
Optimization restart 4/20, f = -255.3111660118325
Optimization restart 5/20, f = -256.9373528464718
Optimization restart 6/20, f = -257.015697975225
Optimization restart 7/20, f = -257.2689028712163
Optimization restart 8/20, f = -256.9402336476858
Optimization restart 9/20, f = -257.2961285417283
Optimization restart 10/20, f = -256.6947278565058
Optimization restart 11/20, f = -256.608595318649
Optimization restart 12/20, f = -256.7076268058463
Optimization restart 13/20, f = -256.4369355426192
Optimization restart 14/20, f = -257.0703805214401
Optimization restart 15/20, f = -256.8615474522731
Optimization restart 16/20, f = -257.0111264342902
Optimization restart 17/20, f = -256.67249212683737
Optimization restart 18/20, f = -256.8894637235958
Optimization restart 19/20, f = -256.47147718469097
Optimization restart 20/20, f = -249.84497672207297
reconstraining parameters GP_regression.Gaussian_noise.variance
Optimization restart 1/20, f = -254.68872248283435
Optimization restart 2/20, f = -255.58569513020592
Optimization restart 3/20, f = -255.39624477856492
Optimization restart 4/20, f = -253.10710106742968
Optimization restart 5/20, f = -255.5731512902414
Optimization restart 6/20, f = -255.38716025845974
Optimization restart 7/20, f = -255.53581038111625
Optimization restart 8/20, f = -254.14186473975315
Optimization restart 9/20, f = -255.08005865815625
Optimization restart 10/20, f = -255.80093153373983
Optimization restart 11/20, f = -253.54787048437345
Optimization restart 12/20, f = -255.2190305322486
Optimization restart 13/20, f = -255.71729034031964
Optimization restart 14/20, f = -255.55368656541302
Optimization restart 15/20, f = -254.5894383570004
Optimization restart 16/20, f = -254.90842115101555
Optimization restart 17/20, f = -255.61678705043082
Optimization restart 18/20, f = -255.66797044345725
Optimization restart 19/20, f = -255.06060155554198
Optimization restart 20/20, f = -251.73838414241578
reconstraining parameters GP_regression.Gaussian_noise.variance
 /rhome/yyang440/bigdata/anaconda3/envs/nbodykit-env/lib/python3.8/site-packages/GPy/kern/src/stationary.py:168: RuntimeWarning:overflow encountered in true_divide
 /rhome/yyang440/bigdata/anaconda3/envs/nbodykit-env/lib/python3.8/site-packages/GPy/kern/src/rbf.py:52: RuntimeWarning:overflow encountered in square
 /rhome/yyang440/bigdata/anaconda3/envs/nbodykit-env/lib/python3.8/site-packages/GPy/kern/src/rbf.py:76: RuntimeWarning:invalid value encountered in multiply
 /rhome/yyang440/bigdata/anaconda3/envs/nbodykit-env/lib/python3.8/site-packages/GPy/kern/src/rbf.py:52: RuntimeWarning:overflow encountered in square
Optimization restart 1/20, f = -57.587575562358595
Optimization restart 2/20, f = -57.19610534591716
Optimization restart 3/20, f = -55.55483143398551
Optimization restart 4/20, f = -57.58757556146803
Optimization restart 5/20, f = -57.58757555995831
Optimization restart 6/20, f = -57.58757555413132
Optimization restart 7/20, f = -57.587575561515976
Optimization restart 8/20, f = -55.55465920194355
Optimization restart 9/20, f = -55.53418792030536
Optimization restart 10/20, f = -57.58757558591758
Optimization restart 11/20, f = -57.587575559857086
Optimization restart 12/20, f = -19.94076575928944
Optimization restart 13/20, f = -55.161184742205236
Optimization restart 14/20, f = -55.554449042872974
Optimization restart 15/20, f = -57.58757556063203
Optimization restart 16/20, f = 44.30437324190355
Optimization restart 17/20, f = -57.58757556125374
Optimization restart 18/20, f = -55.55061044055566
Optimization restart 19/20, f = 44.30439429153476
Optimization restart 20/20, f = -53.68304181066946
reconstraining parameters GP_regression.Gaussian_noise.variance
Optimization restart 1/20, f = -251.6636137835921
Optimization restart 2/20, f = -251.86080261590598
Optimization restart 3/20, f = -251.80050033640615
Optimization restart 4/20, f = -252.14029555697505
Optimization restart 5/20, f = -252.47170626633653
Optimization restart 6/20, f = -251.44316507959886
Optimization restart 7/20, f = -251.72134154487497
Optimization restart 8/20, f = -250.75482028382547
Optimization restart 9/20, f = -251.9615185774666
Optimization restart 10/20, f = -251.33175065912323
Optimization restart 11/20, f = -251.49095330445846
Optimization restart 12/20, f = -251.26747120592353
Optimization restart 13/20, f = -251.11040804352427
Optimization restart 14/20, f = -251.37835916286173
Optimization restart 15/20, f = -251.9150193675553
Optimization restart 16/20, f = -251.3455847526406
Optimization restart 17/20, f = -250.95959860249033
Optimization restart 18/20, f = -252.21614093190638
Optimization restart 19/20, f = -251.34927902223478
Optimization restart 20/20, f = -249.01395862809562
reconstraining parameters GP_regression.Gaussian_noise.variance
Optimization restart 1/20, f = -255.22473344460758
Optimization restart 2/20, f = -254.60961571496418
Optimization restart 3/20, f = -254.51921007455888
Optimization restart 4/20, f = -255.31190280820869
Optimization restart 5/20, f = -253.22754910978372
Optimization restart 6/20, f = -254.94752100913684
Optimization restart 7/20, f = -254.43318103079213
Optimization restart 8/20, f = -253.7328311009453
Optimization restart 9/20, f = -255.10390194570613
Optimization restart 10/20, f = -253.86436341419554
Optimization restart 11/20, f = -253.06868752553055
Optimization restart 12/20, f = -254.92298384681476
Optimization restart 13/20, f = -254.31745204002647
Optimization restart 14/20, f = -254.0888755257798
Optimization restart 15/20, f = -255.42941222903943
Optimization restart 16/20, f = -254.08300764061414
Optimization restart 17/20, f = -254.54842546745942
Optimization restart 18/20, f = -253.33974701618382
Optimization restart 19/20, f = -254.3153887257236
Optimization restart 20/20, f = -252.2814020540751
reconstraining parameters GP_regression.Gaussian_noise.variance
 /rhome/yyang440/bigdata/anaconda3/envs/nbodykit-env/lib/python3.8/site-packages/GPy/kern/src/rbf.py:52: RuntimeWarning:overflow encountered in square
Optimization restart 1/20, f = -55.467992740411475
Optimization restart 2/20, f = -54.995046329264056
Optimization restart 3/20, f = -55.00749174631619
Optimization restart 4/20, f = -55.467992737759445
Optimization restart 5/20, f = -55.00759074579091
Optimization restart 6/20, f = -55.003594351582265
Optimization restart 7/20, f = -55.4679927346113
Optimization restart 8/20, f = -48.89315669583705
Optimization restart 9/20, f = -55.46799273882894
Optimization restart 10/20, f = -54.62574696751247
Optimization restart 11/20, f = -55.00612734114344
Optimization restart 12/20, f = -55.00763680131868
Optimization restart 13/20, f = -55.46799271722875
Optimization restart 14/20, f = -17.160838750888388
Optimization restart 15/20, f = -17.002267350736545
Optimization restart 16/20, f = -17.18042969375878
Optimization restart 17/20, f = -54.98585834196457
Optimization restart 18/20, f = -55.00158430333619
Optimization restart 19/20, f = -55.46799273789081
Optimization restart 20/20, f = -54.20228760375086
reconstraining parameters GP_regression.Gaussian_noise.variance
Optimization restart 1/20, f = -248.93456608406404
Optimization restart 2/20, f = -248.8789103399589
Optimization restart 3/20, f = -250.60608761822337
Optimization restart 4/20, f = -250.18939684370037
Optimization restart 5/20, f = -249.91322366925135
Optimization restart 6/20, f = -248.57828770412243
Optimization restart 7/20, f = -249.88088212409576
Optimization restart 8/20, f = -248.6048805230006
Optimization restart 9/20, f = -248.61523053382962
Optimization restart 10/20, f = -248.79843920828648
Optimization restart 11/20, f = -249.783170566153
Optimization restart 12/20, f = -249.06284284359802
Optimization restart 13/20, f = -248.58692353283627
Optimization restart 14/20, f = -249.26969250480465
Optimization restart 15/20, f = -248.54350415905745
Optimization restart 16/20, f = -248.45354642694406
Optimization restart 17/20, f = -250.3786712213135
Optimization restart 18/20, f = -249.15477652087526
Optimization restart 19/20, f = -248.79462970683747
Optimization restart 20/20, f = -247.60483130550358
reconstraining parameters GP_regression.Gaussian_noise.variance
Optimization restart 1/20, f = -253.01280554259762
Optimization restart 2/20, f = -254.78096929844003
Optimization restart 3/20, f = -253.69312515132128
Optimization restart 4/20, f = -254.05089085715275
Optimization restart 5/20, f = -254.2631975136277
Optimization restart 6/20, f = -254.2756305358705
Optimization restart 7/20, f = -254.58308786444542
Optimization restart 8/20, f = -253.6406572718979
Optimization restart 9/20, f = -253.73600181649397
Optimization restart 10/20, f = -254.6898411724765
Optimization restart 11/20, f = -254.7196835951213
Optimization restart 12/20, f = -253.80440573747265
Optimization restart 13/20, f = -254.1160094159152
Optimization restart 14/20, f = -254.92531620344784
Optimization restart 15/20, f = -254.21607930186588
Optimization restart 16/20, f = -253.72560701197324
Optimization restart 17/20, f = -254.00088610505227
Optimization restart 18/20, f = -254.25166309646048
Optimization restart 19/20, f = -254.24162577957554
Optimization restart 20/20, f = -252.1994467576401
reconstraining parameters GP_regression.Gaussian_noise.variance
 /rhome/yyang440/bigdata/anaconda3/envs/nbodykit-env/lib/python3.8/site-packages/GPy/kern/src/stationary.py:168: RuntimeWarning:overflow encountered in true_divide
 /rhome/yyang440/bigdata/anaconda3/envs/nbodykit-env/lib/python3.8/site-packages/GPy/kern/src/rbf.py:52: RuntimeWarning:overflow encountered in square
 /rhome/yyang440/bigdata/anaconda3/envs/nbodykit-env/lib/python3.8/site-packages/GPy/kern/src/rbf.py:76: RuntimeWarning:invalid value encountered in multiply
 /rhome/yyang440/bigdata/anaconda3/envs/nbodykit-env/lib/python3.8/site-packages/GPy/kern/src/rbf.py:52: RuntimeWarning:overflow encountered in square
 /rhome/yyang440/bigdata/anaconda3/envs/nbodykit-env/lib/python3.8/site-packages/GPy/kern/src/stationary.py:168: RuntimeWarning:overflow encountered in true_divide
 /rhome/yyang440/bigdata/anaconda3/envs/nbodykit-env/lib/python3.8/site-packages/GPy/kern/src/rbf.py:76: RuntimeWarning:invalid value encountered in multiply
 /rhome/yyang440/bigdata/anaconda3/envs/nbodykit-env/lib/python3.8/site-packages/GPy/kern/src/stationary.py:168: RuntimeWarning:overflow encountered in true_divide
 /rhome/yyang440/bigdata/anaconda3/envs/nbodykit-env/lib/python3.8/site-packages/GPy/kern/src/rbf.py:52: RuntimeWarning:overflow encountered in square
 /rhome/yyang440/bigdata/anaconda3/envs/nbodykit-env/lib/python3.8/site-packages/GPy/kern/src/rbf.py:76: RuntimeWarning:invalid value encountered in multiply
Optimization restart 1/20, f = -63.357929827283684
Optimization restart 2/20, f = -63.36393428937626
Optimization restart 3/20, f = -63.2689958201739
Optimization restart 4/20, f = -63.36475049736984
Optimization restart 5/20, f = -58.28217866199519
Optimization restart 6/20, f = -63.36511079695171
Optimization restart 7/20, f = -63.26899583652181
Optimization restart 8/20, f = -63.268669901666684
Optimization restart 9/20, f = -17.23599650308926
Optimization restart 10/20, f = -63.35650801769914
Optimization restart 11/20, f = -63.26899583977243
Optimization restart 12/20, f = -63.26899583165272
Optimization restart 13/20, f = -63.24477731261557
Optimization restart 14/20, f = -37.20484288328217
Optimization restart 15/20, f = -54.823305724465655
Optimization restart 16/20, f = -63.360083515824286
Optimization restart 17/20, f = -63.26899579200469
Optimization restart 18/20, f = -63.268995831923604
Optimization restart 19/20, f = -63.268995841959935
Optimization restart 20/20, f = -53.37466728726636
reconstraining parameters GP_regression.Gaussian_noise.variance
Optimization restart 1/20, f = -230.0619950289003
Optimization restart 2/20, f = -229.40528945711696
Optimization restart 3/20, f = -229.88390214217688
Optimization restart 4/20, f = -229.39534012754063
Optimization restart 5/20, f = -229.43406903043177
Optimization restart 6/20, f = -229.71025718802252
Optimization restart 7/20, f = -229.57152010581268
Optimization restart 8/20, f = -228.60505074079344
Optimization restart 9/20, f = -229.29813405775943
Optimization restart 10/20, f = -229.84549246097725
Optimization restart 11/20, f = -229.6802800188552
Optimization restart 12/20, f = -229.75670261590102
Optimization restart 13/20, f = -229.80198035205223
Optimization restart 14/20, f = -228.7588603574608
Optimization restart 15/20, f = -229.87246307894668
Optimization restart 16/20, f = -228.46142348358245
Optimization restart 17/20, f = -229.76082911722142
Optimization restart 18/20, f = -229.3216837036912
Optimization restart 19/20, f = -227.7301391245818
Optimization restart 20/20, f = -225.51842143723667
reconstraining parameters GP_regression.Gaussian_noise.variance
Optimization restart 1/20, f = -253.31837755767185
Optimization restart 2/20, f = -253.52651263233116
Optimization restart 3/20, f = -253.39403430443406
Optimization restart 4/20, f = -253.63495102627115
Optimization restart 5/20, f = -253.1784240131994
Optimization restart 6/20, f = -253.18525415585083
Optimization restart 7/20, f = -253.32167380750414
Optimization restart 8/20, f = -254.41821490079676
Optimization restart 9/20, f = -254.48496569018158
Optimization restart 10/20, f = -252.33694550035304
Optimization restart 11/20, f = -252.92238911556356
Optimization restart 12/20, f = -253.1915368367003
Optimization restart 13/20, f = -253.815911550389
Optimization restart 14/20, f = -253.489166782626
Optimization restart 15/20, f = -252.23571815189865
Optimization restart 16/20, f = -253.33135328909842
Optimization restart 17/20, f = -252.59515367228468
Optimization restart 18/20, f = -252.1339792618164
Optimization restart 19/20, f = -253.84971410811704
Optimization restart 20/20, f = -252.11901455329127
reconstraining parameters GP_regression.Gaussian_noise.variance
 /rhome/yyang440/bigdata/anaconda3/envs/nbodykit-env/lib/python3.8/site-packages/GPy/kern/src/stationary.py:168: RuntimeWarning:overflow encountered in true_divide
 /rhome/yyang440/bigdata/anaconda3/envs/nbodykit-env/lib/python3.8/site-packages/GPy/kern/src/rbf.py:52: RuntimeWarning:overflow encountered in square
 /rhome/yyang440/bigdata/anaconda3/envs/nbodykit-env/lib/python3.8/site-packages/GPy/kern/src/rbf.py:76: RuntimeWarning:invalid value encountered in multiply
Optimization restart 1/20, f = -50.89227626342405
Optimization restart 2/20, f = -52.163497568226845
Optimization restart 3/20, f = -52.16349756918238
Optimization restart 4/20, f = -52.16349756475144
Optimization restart 5/20, f = -52.1634975704966
Optimization restart 6/20, f = -52.16349756904246
Optimization restart 7/20, f = -50.89364034499819
Optimization restart 8/20, f = -17.876149835083254
Optimization restart 9/20, f = -52.16349757205789
Optimization restart 10/20, f = -57.78163828109051
Optimization restart 11/20, f = -17.876120369085115
Optimization restart 12/20, f = -52.1634975704046
Optimization restart 13/20, f = -50.89262512899424
Optimization restart 14/20, f = -17.876151591781625
Optimization restart 15/20, f = -52.296441254058706
Optimization restart 16/20, f = -50.89354164996463
Optimization restart 17/20, f = -50.89251316903872
Optimization restart 18/20, f = -52.163497568269534
Optimization restart 19/20, f = -4.835169922739535
Optimization restart 20/20, f = -50.3381176326988
reconstraining parameters GP_regression.Gaussian_noise.variance
Optimization restart 1/20, f = -244.8706080307561
Optimization restart 2/20, f = -244.4520057337911
Optimization restart 3/20, f = -244.13655797942528
Optimization restart 4/20, f = -243.6634980172566
Optimization restart 5/20, f = -244.36139163627172
Optimization restart 6/20, f = -244.50519944221935
Optimization restart 7/20, f = -244.53900292464735
Optimization restart 8/20, f = -244.2022010983275
Optimization restart 9/20, f = -242.73292464385273
Optimization restart 10/20, f = -244.1037868944039
Optimization restart 11/20, f = -244.65569167088591
Optimization restart 12/20, f = -244.08605744479803
Optimization restart 13/20, f = -244.03259297395104
Optimization restart 14/20, f = -244.4416477966874
Optimization restart 15/20, f = -243.97851766946377
Optimization restart 16/20, f = -244.87155237427316
Optimization restart 17/20, f = -244.44360637071003
Optimization restart 18/20, f = -244.0186380520966
Optimization restart 19/20, f = -243.98891472867376
Optimization restart 20/20, f = -241.6620685639266
reconstraining parameters GP_regression.Gaussian_noise.variance
Optimization restart 1/20, f = -252.69890929694077
Optimization restart 2/20, f = -252.84082976512317
Optimization restart 3/20, f = -253.022645804381
Optimization restart 4/20, f = -252.33582009866075
Optimization restart 5/20, f = -252.12244678664743
Optimization restart 6/20, f = -252.31532868158888
Optimization restart 7/20, f = -252.84645245912597
Optimization restart 8/20, f = -252.05040159799927
Optimization restart 9/20, f = -251.93982339174738
Optimization restart 10/20, f = -252.31126811866176
Optimization restart 11/20, f = -252.84199436486892
Optimization restart 12/20, f = -252.59983754906582
Optimization restart 13/20, f = -252.3054418398159
Optimization restart 14/20, f = -252.37655861637458
Optimization restart 15/20, f = -252.38288202235077
Optimization restart 16/20, f = -252.5982554209008
Optimization restart 17/20, f = -253.16765042325346
Optimization restart 18/20, f = -252.9391823162254
Optimization restart 19/20, f = -251.55491689710612
Optimization restart 20/20, f = -252.0737614060322
reconstraining parameters GP_regression.Gaussian_noise.variance
 /rhome/yyang440/bigdata/anaconda3/envs/nbodykit-env/lib/python3.8/site-packages/GPy/kern/src/stationary.py:168: RuntimeWarning:overflow encountered in true_divide
 /rhome/yyang440/bigdata/anaconda3/envs/nbodykit-env/lib/python3.8/site-packages/GPy/kern/src/rbf.py:52: RuntimeWarning:overflow encountered in square
 /rhome/yyang440/bigdata/anaconda3/envs/nbodykit-env/lib/python3.8/site-packages/GPy/kern/src/rbf.py:76: RuntimeWarning:invalid value encountered in multiply
 /rhome/yyang440/bigdata/anaconda3/envs/nbodykit-env/lib/python3.8/site-packages/GPy/kern/src/rbf.py:52: RuntimeWarning:overflow encountered in square
Optimization restart 1/20, f = -57.16064054930516
Optimization restart 2/20, f = -57.160143814176266
Optimization restart 3/20, f = -58.038001762145186
Optimization restart 4/20, f = -58.03800176165532
Optimization restart 5/20, f = -18.769712624762768
Optimization restart 6/20, f = -18.76970367701786
Optimization restart 7/20, f = -58.03800176658201
Optimization restart 8/20, f = -18.769712365946354
Optimization restart 9/20, f = -55.75536385809728
Optimization restart 10/20, f = -58.038001760693575
Optimization restart 11/20, f = -57.15965880873259
Optimization restart 12/20, f = -58.03800176305862
Optimization restart 13/20, f = -57.16053692985514
Optimization restart 14/20, f = -18.769713108781147
Optimization restart 15/20, f = -51.32700167203298
Optimization restart 16/20, f = -57.159190911951825
Optimization restart 17/20, f = -18.769680607585933
Optimization restart 18/20, f = -18.769709183482203
Optimization restart 19/20, f = -18.964592893841463
Optimization restart 20/20, f = -53.46306165992125
 /rhome/yyang440/bigdata/anaconda3/envs/nbodykit-env/lib/python3.8/site-packages/GPy/kern/src/stationary.py:137: RuntimeWarning:overflow encountered in square
 /rhome/yyang440/bigdata/anaconda3/envs/nbodykit-env/lib/python3.8/site-packages/GPy/kern/src/stationary.py:138: RuntimeWarning:invalid value encountered in add
reconstraining parameters GP_regression.Gaussian_noise.variance
Optimization restart 1/20, f = -233.5041825209965
Optimization restart 2/20, f = -233.95614084308204
Optimization restart 3/20, f = -234.39726503574212
Optimization restart 4/20, f = -233.59155291002935
Optimization restart 5/20, f = -233.32794629042576
Optimization restart 6/20, f = -234.1779451624979
Optimization restart 7/20, f = -234.07548419030803
Optimization restart 8/20, f = -233.34922406824947
Optimization restart 9/20, f = -235.4601723754485
Optimization restart 10/20, f = -234.44754091552196
Optimization restart 11/20, f = -233.3356323690548
Optimization restart 12/20, f = -235.08119342980763
Optimization restart 13/20, f = -234.20010050524914
Optimization restart 14/20, f = -235.69925873699742
Optimization restart 15/20, f = -235.77452688216232
Optimization restart 16/20, f = -234.1413895033119
Optimization restart 17/20, f = -235.4515235215086
Optimization restart 18/20, f = -232.78172791465528
Optimization restart 19/20, f = -233.05811346437093
Optimization restart 20/20, f = -231.29674442900463
reconstraining parameters GP_regression.Gaussian_noise.variance
Optimization restart 1/20, f = -251.88668357103023
Optimization restart 2/20, f = -251.71999197047586
Optimization restart 3/20, f = -251.43500756589674
Optimization restart 4/20, f = -251.24403078603564
Optimization restart 5/20, f = -251.76955128016425
Optimization restart 6/20, f = -250.77632158935745
Optimization restart 7/20, f = -251.7426735073581
Optimization restart 8/20, f = -251.65746332858245
Optimization restart 9/20, f = -251.82924864973114
Optimization restart 10/20, f = -251.21778519233936
Optimization restart 11/20, f = -251.2796492243816
Optimization restart 12/20, f = -251.54907615400504
Optimization restart 13/20, f = -251.32104106550912
Optimization restart 14/20, f = -251.14339770497983
Optimization restart 15/20, f = -252.4592313603496
Optimization restart 16/20, f = -251.83809050256582
Optimization restart 17/20, f = -251.57793859422918
Optimization restart 18/20, f = -251.7247000894348
Optimization restart 19/20, f = -252.4343314101597
Optimization restart 20/20, f = -248.08081625490865
reconstraining parameters GP_regression.Gaussian_noise.variance
 /rhome/yyang440/bigdata/anaconda3/envs/nbodykit-env/lib/python3.8/site-packages/GPy/kern/src/stationary.py:168: RuntimeWarning:overflow encountered in true_divide
 /rhome/yyang440/bigdata/anaconda3/envs/nbodykit-env/lib/python3.8/site-packages/GPy/kern/src/rbf.py:52: RuntimeWarning:overflow encountered in square
 /rhome/yyang440/bigdata/anaconda3/envs/nbodykit-env/lib/python3.8/site-packages/GPy/kern/src/rbf.py:76: RuntimeWarning:invalid value encountered in multiply
 /rhome/yyang440/bigdata/anaconda3/envs/nbodykit-env/lib/python3.8/site-packages/GPy/kern/src/stationary.py:168: RuntimeWarning:overflow encountered in true_divide
 /rhome/yyang440/bigdata/anaconda3/envs/nbodykit-env/lib/python3.8/site-packages/GPy/kern/src/rbf.py:52: RuntimeWarning:overflow encountered in square
 /rhome/yyang440/bigdata/anaconda3/envs/nbodykit-env/lib/python3.8/site-packages/GPy/kern/src/rbf.py:76: RuntimeWarning:invalid value encountered in multiply
Optimization restart 1/20, f = -59.58736931491721
Optimization restart 2/20, f = -59.58736936920765
Optimization restart 3/20, f = -59.357568827631056
Optimization restart 4/20, f = -59.357547358760286
Optimization restart 5/20, f = -16.2357496147032
Optimization restart 6/20, f = -53.145044699683694
Optimization restart 7/20, f = -54.59852639182013
Optimization restart 8/20, f = -16.235749283312025
Optimization restart 9/20, f = -59.587369361322004
Optimization restart 10/20, f = -59.587369358592
Optimization restart 11/20, f = -59.58736936467045
Optimization restart 12/20, f = -59.58736936474281
Optimization restart 13/20, f = -59.357744107147994
Optimization restart 14/20, f = -59.58736936313592
Optimization restart 15/20, f = -59.58736935252364
Optimization restart 16/20, f = -59.5873693691117
Optimization restart 17/20, f = -59.58736931769833
Optimization restart 18/20, f = -59.35818350005087
Optimization restart 19/20, f = -50.382168746103844
Optimization restart 20/20, f = -51.60713523350379
reconstraining parameters GP_regression.Gaussian_noise.variance
Optimization restart 1/20, f = -237.1026633559775
Optimization restart 2/20, f = -237.54979397733763
Optimization restart 3/20, f = -233.38667437466782
Optimization restart 4/20, f = -235.83929446603156
Optimization restart 5/20, f = -237.40892967207972
Optimization restart 6/20, f = -236.23638471770914
Optimization restart 7/20, f = -234.72737593462182
Optimization restart 8/20, f = -237.61756812301837
Optimization restart 9/20, f = -236.7777006893025
Optimization restart 10/20, f = -236.75746019874066
Optimization restart 11/20, f = -237.20640681927208
Optimization restart 12/20, f = -235.73235098500393
Optimization restart 13/20, f = -237.58897107074347
Optimization restart 14/20, f = -236.2342235203539
Optimization restart 15/20, f = -236.12503242617845
Optimization restart 16/20, f = -236.28487076124236
Optimization restart 17/20, f = -236.7611132870856
Optimization restart 18/20, f = -235.73646725687178
Optimization restart 19/20, f = -236.8505467494005
Optimization restart 20/20, f = -236.66731958120425
reconstraining parameters GP_regression.Gaussian_noise.variance
Optimization restart 1/20, f = -247.38374216594937
Optimization restart 2/20, f = -248.0442969513034
Optimization restart 3/20, f = -247.9731581138177
Optimization restart 4/20, f = -247.48221111392377
Optimization restart 5/20, f = -247.22734738952443
Optimization restart 6/20, f = -247.26477274837617
Optimization restart 7/20, f = -247.02309944309224
Optimization restart 8/20, f = -247.64876378780036
Optimization restart 9/20, f = -248.07922288203162
Optimization restart 10/20, f = -246.93704780616298
Optimization restart 11/20, f = -247.63565885804437
Optimization restart 12/20, f = -247.5104995415009
Optimization restart 13/20, f = -247.2873304107295
Optimization restart 14/20, f = -247.52842385736744
Optimization restart 15/20, f = -247.2428281618717
Optimization restart 16/20, f = -247.19272919565378
Optimization restart 17/20, f = -247.22781024001011
Optimization restart 18/20, f = -247.87152315706055
Optimization restart 19/20, f = -247.26338988674516
Optimization restart 20/20, f = -245.98362346848782
reconstraining parameters GP_regression.Gaussian_noise.variance
Optimization restart 1/20, f = -60.55067617383787
Optimization restart 2/20, f = -16.32429666380531
Optimization restart 3/20, f = -60.18756651839085
Optimization restart 4/20, f = -60.55067617775288
Optimization restart 5/20, f = -60.55067617409439
Optimization restart 6/20, f = -60.17734985482822
Optimization restart 7/20, f = -60.55065072889565
Optimization restart 8/20, f = -60.55067617648548
Optimization restart 9/20, f = -60.550676174523545
Optimization restart 10/20, f = -60.550676171651176
Optimization restart 11/20, f = -60.550676151832036
Optimization restart 12/20, f = -60.55067617720279
Optimization restart 13/20, f = -60.5506761810847
Optimization restart 14/20, f = -60.55067617396908
Optimization restart 15/20, f = -60.18835452851938
Optimization restart 16/20, f = -60.18954476725581
Optimization restart 17/20, f = -60.55067617035971
Optimization restart 18/20, f = -60.550676174685705
Optimization restart 19/20, f = -60.189803446624424
Optimization restart 20/20, f = -52.36899685339715
reconstraining parameters GP_regression.Gaussian_noise.variance
Optimization restart 1/20, f = -230.8119933088122
Optimization restart 2/20, f = -230.46644774439832
Optimization restart 3/20, f = -229.92470496082404
Optimization restart 4/20, f = -230.39856080253801
Optimization restart 5/20, f = -227.87424688262914
Optimization restart 6/20, f = -229.52923409867503
Optimization restart 7/20, f = -229.76406678402228
Optimization restart 8/20, f = -228.83634815573402
Optimization restart 9/20, f = -229.37129152268776
Optimization restart 10/20, f = -230.11232305539954
Optimization restart 11/20, f = -230.02531746565677
Optimization restart 12/20, f = -229.42174730758506
Optimization restart 13/20, f = -229.7861309222041
Optimization restart 14/20, f = -230.45184951608684
Optimization restart 15/20, f = -230.3628976991109
Optimization restart 16/20, f = -230.26858317277737
Optimization restart 17/20, f = -229.49410888641256
Optimization restart 18/20, f = -229.62778338435896
Optimization restart 19/20, f = -229.26392369345294
Optimization restart 20/20, f = -229.62663487333538
reconstraining parameters GP_regression.Gaussian_noise.variance
Optimization restart 1/20, f = -242.75446345305818
Optimization restart 2/20, f = -242.75327084654887
Optimization restart 3/20, f = -243.3762426539527
Optimization restart 4/20, f = -243.80218480462875
Optimization restart 5/20, f = -243.34079701055947
Optimization restart 6/20, f = -243.20510964367847
Optimization restart 7/20, f = -243.4291906362266
Optimization restart 8/20, f = -243.35499407165412
Optimization restart 9/20, f = -242.72443689168688
Optimization restart 10/20, f = -243.45617024887332
Optimization restart 11/20, f = -243.80793752823286
Optimization restart 12/20, f = -243.50915917935228
Optimization restart 13/20, f = -243.53090304317425
Optimization restart 14/20, f = -243.05947959204485
Optimization restart 15/20, f = -243.24308054037988
Optimization restart 16/20, f = -243.00506877666004
Optimization restart 17/20, f = -243.8910338104312
Optimization restart 18/20, f = -243.08710447556035
Optimization restart 19/20, f = -243.75617208388036
Optimization restart 20/20, f = -243.4723044305669
reconstraining parameters GP_regression.Gaussian_noise.variance
 /rhome/yyang440/bigdata/anaconda3/envs/nbodykit-env/lib/python3.8/site-packages/GPy/kern/src/stationary.py:168: RuntimeWarning:overflow encountered in true_divide
 /rhome/yyang440/bigdata/anaconda3/envs/nbodykit-env/lib/python3.8/site-packages/GPy/kern/src/rbf.py:52: RuntimeWarning:overflow encountered in square
 /rhome/yyang440/bigdata/anaconda3/envs/nbodykit-env/lib/python3.8/site-packages/GPy/kern/src/rbf.py:76: RuntimeWarning:invalid value encountered in multiply
 /rhome/yyang440/bigdata/anaconda3/envs/nbodykit-env/lib/python3.8/site-packages/GPy/kern/src/rbf.py:52: RuntimeWarning:overflow encountered in square
 /rhome/yyang440/bigdata/anaconda3/envs/nbodykit-env/lib/python3.8/site-packages/GPy/kern/src/stationary.py:168: RuntimeWarning:overflow encountered in true_divide
 /rhome/yyang440/bigdata/anaconda3/envs/nbodykit-env/lib/python3.8/site-packages/GPy/kern/src/rbf.py:76: RuntimeWarning:invalid value encountered in multiply
Optimization restart 1/20, f = -54.702245559567004
Optimization restart 2/20, f = -45.90779901198333
Optimization restart 3/20, f = -45.907799011025915
Optimization restart 4/20, f = -45.90779900678287
Optimization restart 5/20, f = -45.90779904416827
Optimization restart 6/20, f = -45.90779901035013
Optimization restart 7/20, f = -14.908809258613832
Optimization restart 8/20, f = -43.21404299641179
Optimization restart 9/20, f = -17.016035202903556
Optimization restart 10/20, f = -43.21382701564117
Optimization restart 11/20, f = -43.213960333985256
Optimization restart 12/20, f = -54.7973992032577
Optimization restart 13/20, f = -45.90779901006141
Optimization restart 14/20, f = -44.59682452383049
Optimization restart 15/20, f = -45.907799010599305
Optimization restart 16/20, f = -45.907799005627595
Optimization restart 17/20, f = -45.90779901120699
Optimization restart 18/20, f = -43.2133883101713
Optimization restart 19/20, f = -54.7963942820502
Optimization restart 20/20, f = -52.53357911100031
reconstraining parameters GP_regression.Gaussian_noise.variance
Optimization restart 1/20, f = -236.20012100443915
Optimization restart 2/20, f = -236.27311900610817
Optimization restart 3/20, f = -236.3136630050913
Optimization restart 4/20, f = -236.00967032163774
Optimization restart 5/20, f = -236.82646534687677
Optimization restart 6/20, f = -236.32072338379217
Optimization restart 7/20, f = -236.63100306093173
Optimization restart 8/20, f = -236.4079359316252
Optimization restart 9/20, f = -236.96200443579383
Optimization restart 10/20, f = -236.71829284302942
Optimization restart 11/20, f = -235.50041818743856
Optimization restart 12/20, f = -236.37970632274494
Optimization restart 13/20, f = -235.58060724029207
Optimization restart 14/20, f = -236.09943321611954
Optimization restart 15/20, f = -236.4102751465989
Optimization restart 16/20, f = -236.27884124121613
Optimization restart 17/20, f = -236.33043857419625
Optimization restart 18/20, f = -236.49114707075026
Optimization restart 19/20, f = -236.10857077017823
Optimization restart 20/20, f = -241.01119261161222
reconstraining parameters GP_regression.Gaussian_noise.variance
Optimization restart 1/20, f = -239.5429847169958
Optimization restart 2/20, f = -239.28353148691718
Optimization restart 3/20, f = -239.4559972129009
Optimization restart 4/20, f = -238.99766986447554
Optimization restart 5/20, f = -238.42762052507925
Optimization restart 6/20, f = -239.21809857200725
Optimization restart 7/20, f = -239.90114406415313
Optimization restart 8/20, f = -239.91365364922382
Optimization restart 9/20, f = -239.64563011694617
Optimization restart 10/20, f = -239.28800782627383
Optimization restart 11/20, f = -239.2245606785784
Optimization restart 12/20, f = -239.30154000638046
Optimization restart 13/20, f = -239.19819657349245
Optimization restart 14/20, f = -239.15135152123895
Optimization restart 15/20, f = -239.10827340998117
Optimization restart 16/20, f = -238.98061775420706
Optimization restart 17/20, f = -239.16920559630728
Optimization restart 18/20, f = -239.28557913723367
Optimization restart 19/20, f = -239.32491686375263
Optimization restart 20/20, f = -239.5559482476283
reconstraining parameters GP_regression.Gaussian_noise.variance
 /rhome/yyang440/bigdata/anaconda3/envs/nbodykit-env/lib/python3.8/site-packages/GPy/kern/src/rbf.py:52: RuntimeWarning:overflow encountered in square
 /rhome/yyang440/bigdata/anaconda3/envs/nbodykit-env/lib/python3.8/site-packages/GPy/kern/src/rbf.py:52: RuntimeWarning:overflow encountered in square
Optimization restart 1/20, f = -44.00160073790592
Optimization restart 2/20, f = -49.20186434566308
Optimization restart 3/20, f = -49.20087629044188
Optimization restart 4/20, f = -44.00160073702456
Optimization restart 5/20, f = -44.00160073700323
Optimization restart 6/20, f = -44.00160073696712
Optimization restart 7/20, f = -40.98571847003339
Optimization restart 8/20, f = -44.00160073531012
Optimization restart 9/20, f = -41.08376475313558
Optimization restart 10/20, f = -40.98821227529132
Optimization restart 11/20, f = -44.00160073670057
Optimization restart 12/20, f = -44.001600737332794
Optimization restart 13/20, f = -44.00160073780174
Optimization restart 14/20, f = -40.988248261251144
Optimization restart 15/20, f = -40.98822879996999
Optimization restart 16/20, f = -44.001600736136155
Optimization restart 17/20, f = -44.00160073816117
Optimization restart 18/20, f = -15.474333304587407
Optimization restart 19/20, f = -44.0016007372508
Optimization restart 20/20, f = -49.20212729258606
reconstraining parameters GP_regression.Gaussian_noise.variance
Optimization restart 1/20, f = -232.69272528839628
Optimization restart 2/20, f = -232.38624971241353
Optimization restart 3/20, f = -232.88587245904472
Optimization restart 4/20, f = -232.45021652498082
Optimization restart 5/20, f = -232.58147107156003
Optimization restart 6/20, f = -232.5944184374584
Optimization restart 7/20, f = -232.87642512278782
Optimization restart 8/20, f = -233.22292470797234
Optimization restart 9/20, f = -231.89899062480993
Optimization restart 10/20, f = -232.57713221622922
Optimization restart 11/20, f = -232.08806559339018
Optimization restart 12/20, f = -232.4329336446068
Optimization restart 13/20, f = -232.86594778309785
Optimization restart 14/20, f = -233.1718267065236
Optimization restart 15/20, f = -232.77529859274722
Optimization restart 16/20, f = -233.13563978105933
Optimization restart 17/20, f = -232.71050706327046
Optimization restart 18/20, f = -232.78852213680295
Optimization restart 19/20, f = -233.1452626460938
Optimization restart 20/20, f = -235.0414385557787
reconstraining parameters GP_regression.Gaussian_noise.variance
Optimization restart 1/20, f = -235.29872788102392
Optimization restart 2/20, f = -235.82905707045956
Optimization restart 3/20, f = -235.40069373266138
Optimization restart 4/20, f = -235.49041122002183
Optimization restart 5/20, f = -235.338947931781
Optimization restart 6/20, f = -235.2882766478713
Optimization restart 7/20, f = -235.0400372322818
Optimization restart 8/20, f = -235.41979194118727
Optimization restart 9/20, f = -235.3591919939139
Optimization restart 10/20, f = -235.53997817395336
Optimization restart 11/20, f = -235.32565663425072
Optimization restart 12/20, f = -235.18478284664664
Optimization restart 13/20, f = -235.22255175319088
Optimization restart 14/20, f = -235.25428115720274
Optimization restart 15/20, f = -235.53465751668102
Optimization restart 16/20, f = -235.42539827737568
Optimization restart 17/20, f = -235.33972221307948
Optimization restart 18/20, f = -235.3558066762522
Optimization restart 19/20, f = -235.32408888364347
Optimization restart 20/20, f = -237.2144121438373
reconstraining parameters GP_regression.Gaussian_noise.variance
 /rhome/yyang440/bigdata/anaconda3/envs/nbodykit-env/lib/python3.8/site-packages/GPy/kern/src/rbf.py:52: RuntimeWarning:overflow encountered in square
 /rhome/yyang440/bigdata/anaconda3/envs/nbodykit-env/lib/python3.8/site-packages/GPy/kern/src/stationary.py:168: RuntimeWarning:overflow encountered in true_divide
 /rhome/yyang440/bigdata/anaconda3/envs/nbodykit-env/lib/python3.8/site-packages/GPy/kern/src/rbf.py:76: RuntimeWarning:invalid value encountered in multiply
 /rhome/yyang440/bigdata/anaconda3/envs/nbodykit-env/lib/python3.8/site-packages/GPy/kern/src/stationary.py:168: RuntimeWarning:overflow encountered in true_divide
 /rhome/yyang440/bigdata/anaconda3/envs/nbodykit-env/lib/python3.8/site-packages/GPy/kern/src/rbf.py:52: RuntimeWarning:overflow encountered in square
 /rhome/yyang440/bigdata/anaconda3/envs/nbodykit-env/lib/python3.8/site-packages/GPy/kern/src/rbf.py:76: RuntimeWarning:invalid value encountered in multiply
Optimization restart 1/20, f = -42.76180977225856
Optimization restart 2/20, f = -16.565360006044394
Optimization restart 3/20, f = -42.761809771453414
Optimization restart 4/20, f = -42.76180968386372
Optimization restart 5/20, f = -42.22912005105162
Optimization restart 6/20, f = -16.56536055314124
Optimization restart 7/20, f = -42.012352149627176
Optimization restart 8/20, f = -42.76180977025598
Optimization restart 9/20, f = -42.761411313995765
Optimization restart 10/20, f = -42.76180745907885
Optimization restart 11/20, f = -42.76180977375823
Optimization restart 12/20, f = -42.76180971664199
Optimization restart 13/20, f = -41.13557173576949
Optimization restart 14/20, f = -42.761809767450615
Optimization restart 15/20, f = -42.22836831325169
Optimization restart 16/20, f = -42.761841816720874
Optimization restart 17/20, f = -42.7618097723643
Optimization restart 18/20, f = -42.761809774557676
Optimization restart 19/20, f = -42.22884073512627
Optimization restart 20/20, f = -48.172117037293
reconstraining parameters GP_regression.Gaussian_noise.variance
Optimization restart 1/20, f = -224.85527213746673
Optimization restart 2/20, f = -226.26016413259651
Optimization restart 3/20, f = -225.76595889378444
Optimization restart 4/20, f = -226.00295041414796
Optimization restart 5/20, f = -225.36799558379113
Optimization restart 6/20, f = -225.83943116687138
Optimization restart 7/20, f = -224.65452081621595
Optimization restart 8/20, f = -226.01811674937468
Optimization restart 9/20, f = -226.23574971929338
Optimization restart 10/20, f = -226.1292041916795
Optimization restart 11/20, f = -225.82196095692498
Optimization restart 12/20, f = -225.3277826641274
Optimization restart 13/20, f = -223.75126995069806
Optimization restart 14/20, f = -225.9791725003767
Optimization restart 15/20, f = -225.78774603275147
Optimization restart 16/20, f = -226.12590343217295
Optimization restart 17/20, f = -226.12488280252205
Optimization restart 18/20, f = -225.5702692048808
Optimization restart 19/20, f = -225.95952993497318
Optimization restart 20/20, f = -223.5749141669777
reconstraining parameters GP_regression.Gaussian_noise.variance
Optimization restart 1/20, f = -231.16202445208782
Optimization restart 2/20, f = -231.5407581846739
Optimization restart 3/20, f = -231.6792768922255
Optimization restart 4/20, f = -231.51044803513628
Optimization restart 5/20, f = -231.76985653469092
Optimization restart 6/20, f = -231.5689713185694
Optimization restart 7/20, f = -231.75928744394588
Optimization restart 8/20, f = -231.70661940395513
Optimization restart 9/20, f = -231.9748844236858
Optimization restart 10/20, f = -231.43997355310415
Optimization restart 11/20, f = -231.34954429793592
Optimization restart 12/20, f = -231.67041458535923
Optimization restart 13/20, f = -231.95453519651224
Optimization restart 14/20, f = -231.82972864549228
Optimization restart 15/20, f = -231.09474073300072
Optimization restart 16/20, f = -231.60464531058074
Optimization restart 17/20, f = -231.5564391984115
Optimization restart 18/20, f = -231.51536309968782
Optimization restart 19/20, f = -231.4484561546889
Optimization restart 20/20, f = -231.51605651180478
reconstraining parameters GP_regression.Gaussian_noise.variance
 /rhome/yyang440/bigdata/anaconda3/envs/nbodykit-env/lib/python3.8/site-packages/GPy/kern/src/stationary.py:168: RuntimeWarning:overflow encountered in true_divide
 /rhome/yyang440/bigdata/anaconda3/envs/nbodykit-env/lib/python3.8/site-packages/GPy/kern/src/rbf.py:52: RuntimeWarning:overflow encountered in square
 /rhome/yyang440/bigdata/anaconda3/envs/nbodykit-env/lib/python3.8/site-packages/GPy/kern/src/rbf.py:76: RuntimeWarning:invalid value encountered in multiply
 /rhome/yyang440/bigdata/anaconda3/envs/nbodykit-env/lib/python3.8/site-packages/GPy/kern/src/rbf.py:52: RuntimeWarning:overflow encountered in square
 /rhome/yyang440/bigdata/anaconda3/envs/nbodykit-env/lib/python3.8/site-packages/GPy/kern/src/rbf.py:52: RuntimeWarning:overflow encountered in square
Optimization restart 1/20, f = -52.23782767133001
Optimization restart 2/20, f = -16.059371220721648
Optimization restart 3/20, f = -53.01658521343735
Optimization restart 4/20, f = -52.23782767141503
Optimization restart 5/20, f = -52.23782766866124
Optimization restart 6/20, f = -53.36113666713477
Optimization restart 7/20, f = -47.101982638152734
Optimization restart 8/20, f = -53.01891981792885
Optimization restart 9/20, f = -52.15880691831231
Optimization restart 10/20, f = -52.23782766940003
Optimization restart 11/20, f = -53.01575333690825
Optimization restart 12/20, f = -52.237827653198096
Optimization restart 13/20, f = -52.23782767060567
Optimization restart 14/20, f = -52.237827669011
Optimization restart 15/20, f = -52.23782767112613
Optimization restart 16/20, f = -16.0593725729641
Optimization restart 17/20, f = -53.01825226113729
Optimization restart 18/20, f = -53.35778179108384
Optimization restart 19/20, f = -52.23782767126805
Optimization restart 20/20, f = -48.593741627111676
reconstraining parameters GP_regression.Gaussian_noise.variance
Optimization restart 1/20, f = -212.54212955784672
Optimization restart 2/20, f = -212.64851342388047
Optimization restart 3/20, f = -212.717273774296
Optimization restart 4/20, f = -212.68094744658012
Optimization restart 5/20, f = -212.13289286093465
Optimization restart 6/20, f = -212.45106532788017
Optimization restart 7/20, f = -212.39191161200887
Optimization restart 8/20, f = -211.4542517562712
Optimization restart 9/20, f = -212.0944462231526
Optimization restart 10/20, f = -212.7319006549144
Optimization restart 11/20, f = -213.53843484995267
Optimization restart 12/20, f = -210.57895144789674
Optimization restart 13/20, f = -211.15183401777261
Optimization restart 14/20, f = -212.06632167504205
Optimization restart 15/20, f = -211.96369992775152
Optimization restart 16/20, f = -210.99392631542207
Optimization restart 17/20, f = -212.79500527903025
Optimization restart 18/20, f = -212.37026215854573
Optimization restart 19/20, f = -212.45781775688695
Optimization restart 20/20, f = -210.88254092281983
reconstraining parameters GP_regression.Gaussian_noise.variance
Optimization restart 1/20, f = -232.28615294111074
Optimization restart 2/20, f = -232.2779758223766
Optimization restart 3/20, f = -232.26138406440475
Optimization restart 4/20, f = -232.41404687765254
Optimization restart 5/20, f = -232.3127738382916
Optimization restart 6/20, f = -232.36113902206645
Optimization restart 7/20, f = -232.07728087289934
Optimization restart 8/20, f = -232.35277534596318
Optimization restart 9/20, f = -232.50497572675206
Optimization restart 10/20, f = -232.31816750341656
Optimization restart 11/20, f = -232.4698080575217
Optimization restart 12/20, f = -232.2763700417445
Optimization restart 13/20, f = -232.3943461239461
Optimization restart 14/20, f = -232.40863773953726
Optimization restart 15/20, f = -232.30431772379748
Optimization restart 16/20, f = -232.58824251043094
Optimization restart 17/20, f = -232.43660304060356
Optimization restart 18/20, f = -232.44754744855908
Optimization restart 19/20, f = -232.40248265482845
Optimization restart 20/20, f = -233.66539318907087
reconstraining parameters GP_regression.Gaussian_noise.variance
 /rhome/yyang440/bigdata/anaconda3/envs/nbodykit-env/lib/python3.8/site-packages/GPy/kern/src/rbf.py:52: RuntimeWarning:overflow encountered in square
 /rhome/yyang440/bigdata/anaconda3/envs/nbodykit-env/lib/python3.8/site-packages/GPy/kern/src/stationary.py:168: RuntimeWarning:overflow encountered in true_divide
 /rhome/yyang440/bigdata/anaconda3/envs/nbodykit-env/lib/python3.8/site-packages/GPy/kern/src/rbf.py:52: RuntimeWarning:overflow encountered in square
 /rhome/yyang440/bigdata/anaconda3/envs/nbodykit-env/lib/python3.8/site-packages/GPy/kern/src/rbf.py:76: RuntimeWarning:invalid value encountered in multiply
Optimization restart 1/20, f = -37.85001437731894
Optimization restart 2/20, f = -49.349198312474
Optimization restart 3/20, f = -41.6844502262898
Optimization restart 4/20, f = -37.85429421359157
Optimization restart 5/20, f = -41.68445022574983
Optimization restart 6/20, f = -41.68445022585175
Optimization restart 7/20, f = -41.684450221815354
Optimization restart 8/20, f = -41.68445022583117
Optimization restart 9/20, f = -49.350435324644394
Optimization restart 10/20, f = -41.684450226521975
Optimization restart 11/20, f = -41.68445022458859
Optimization restart 12/20, f = -41.68445022553817
Optimization restart 13/20, f = -37.85416308193288
Optimization restart 14/20, f = -41.68445022566709
Optimization restart 15/20, f = -41.68445022209005
Optimization restart 16/20, f = -49.3337330366912
Optimization restart 17/20, f = -41.68445022597051
Optimization restart 18/20, f = -41.68445022641386
Optimization restart 19/20, f = -47.451838823016885
Optimization restart 20/20, f = -49.1402923257007
 /rhome/yyang440/bigdata/anaconda3/envs/nbodykit-env/lib/python3.8/site-packages/GPy/kern/src/rbf.py:52: RuntimeWarning:overflow encountered in square
reconstraining parameters GP_regression.Gaussian_noise.variance
Optimization restart 1/20, f = -216.6551576254529
Optimization restart 2/20, f = -216.10451249625214
Optimization restart 3/20, f = -216.39838279066504
Optimization restart 4/20, f = -215.98068293975172
Optimization restart 5/20, f = -215.85205415186311
Optimization restart 6/20, f = -216.01135533880574
Optimization restart 7/20, f = -215.61691235284206
Optimization restart 8/20, f = -215.49509536942537
Optimization restart 9/20, f = -216.33438376694522
Optimization restart 10/20, f = -216.4770900940461
Optimization restart 11/20, f = -216.08271437733012
Optimization restart 12/20, f = -216.27433368181877
Optimization restart 13/20, f = -216.2890313580411
Optimization restart 14/20, f = -214.12921783249726
Optimization restart 15/20, f = -215.93282530072673
Optimization restart 16/20, f = -216.05163420634403
Optimization restart 17/20, f = -216.23762602300235
Optimization restart 18/20, f = -215.7904295584646
Optimization restart 19/20, f = -216.1752729634594
Optimization restart 20/20, f = -221.56579538275912
reconstraining parameters GP_regression.Gaussian_noise.variance
Optimization restart 1/20, f = -236.33196065418844
Optimization restart 2/20, f = -236.39684761238175
Optimization restart 3/20, f = -236.41509140654347
Optimization restart 4/20, f = -236.3124535221344
Optimization restart 5/20, f = -236.30165017184007
Optimization restart 6/20, f = -236.29148388412247
Optimization restart 7/20, f = -236.4013514826255
Optimization restart 8/20, f = -236.37107034391298
Optimization restart 9/20, f = -236.39633563967283
Optimization restart 10/20, f = -236.30920272852813
Optimization restart 11/20, f = -236.36886523965427
Optimization restart 12/20, f = -236.37241139267786
Optimization restart 13/20, f = -236.37185376741598
Optimization restart 14/20, f = -236.29239440822604
Optimization restart 15/20, f = -236.26214809492308
Optimization restart 16/20, f = -236.39309536322415
Optimization restart 17/20, f = -236.37987528090065
Optimization restart 18/20, f = -236.33557566352982
Optimization restart 19/20, f = -236.2821652934442
Optimization restart 20/20, f = -239.30255218879705
reconstraining parameters GP_regression.Gaussian_noise.variance
 /rhome/yyang440/bigdata/anaconda3/envs/nbodykit-env/lib/python3.8/site-packages/GPy/kern/src/stationary.py:168: RuntimeWarning:overflow encountered in true_divide
 /rhome/yyang440/bigdata/anaconda3/envs/nbodykit-env/lib/python3.8/site-packages/GPy/kern/src/rbf.py:76: RuntimeWarning:invalid value encountered in multiply
Optimization restart 1/20, f = -45.89453532585539
Optimization restart 2/20, f = -45.89453532200224
Optimization restart 3/20, f = -14.82065265769177
Optimization restart 4/20, f = -45.984966423924305
Optimization restart 5/20, f = -50.11780315795365
Optimization restart 6/20, f = -45.89453532479436
Optimization restart 7/20, f = -45.8945353258855
Optimization restart 8/20, f = -45.89453532599141
Optimization restart 9/20, f = -45.894535318476514
Optimization restart 10/20, f = -14.820652300543324
Optimization restart 11/20, f = -14.116337445159889
Optimization restart 12/20, f = -46.469101349765054
Optimization restart 13/20, f = -43.86040901683626
Optimization restart 14/20, f = -45.8945090911068
Optimization restart 15/20, f = -45.89453524144014
Optimization restart 16/20, f = -45.894535325539266
Optimization restart 17/20, f = -45.98523218183537
Optimization restart 18/20, f = -45.98352403053396
Optimization restart 19/20, f = -45.894535324335806
Optimization restart 20/20, f = -50.11802551407855
reconstraining parameters GP_regression.Gaussian_noise.variance
slurmstepd-r28: error: *** JOB 1751236 ON r28 CANCELLED AT 2024-02-15T23:40:20 DUE TO TIME LIMIT ***
