r23
Fri Apr 12 08:24:46 PDT 2024
--job-name=emu
Traceback (most recent call last):
  File "matter_pow_emu.py", line 6, in <module>
Traceback (most recent call last):
  File "matter_pow_emu.py", line 6, in <module>
Traceback (most recent call last):
  File "matter_pow_emu.py", line 6, in <module>
    from error_function.dgmgp_error import generate_data
  File "/bigdata/birdlab/yyang440/matter_emu_dgmgp-MF-Box-yanhui/emulator/../../matter_emu_dgmgp-MF-Box-yanhui/error_function/dgmgp_error.py", line 6, in <module>
    from error_function.dgmgp_error import generate_data
    from error_function.dgmgp_error import generate_data
  File "/bigdata/birdlab/yyang440/matter_emu_dgmgp-MF-Box-yanhui/emulator/../../matter_emu_dgmgp-MF-Box-yanhui/error_function/dgmgp_error.py", line 6, in <module>
  File "/bigdata/birdlab/yyang440/matter_emu_dgmgp-MF-Box-yanhui/emulator/../../matter_emu_dgmgp-MF-Box-yanhui/error_function/dgmgp_error.py", line 6, in <module>
    from matter_multi_fidelity_emu.gpemulator_singlebin import SingleBindGMGP 
  File "/bigdata/birdlab/yyang440/matter_emu_dgmgp-MF-Box-yanhui/emulator/../../matter_emu_dgmgp-MF-Box-yanhui/matter_multi_fidelity_emu/gpemulator_singlebin.py", line 20, in <module>
    from matter_multi_fidelity_emu.gpemulator_singlebin import SingleBindGMGP 
  File "/bigdata/birdlab/yyang440/matter_emu_dgmgp-MF-Box-yanhui/emulator/../../matter_emu_dgmgp-MF-Box-yanhui/matter_multi_fidelity_emu/gpemulator_singlebin.py", line 20, in <module>
    from matter_multi_fidelity_emu.gpemulator_singlebin import SingleBindGMGP 
  File "/bigdata/birdlab/yyang440/matter_emu_dgmgp-MF-Box-yanhui/emulator/../../matter_emu_dgmgp-MF-Box-yanhui/matter_multi_fidelity_emu/gpemulator_singlebin.py", line 20, in <module>
    import GPy
    import GPy
ModuleNotFoundError    import GPy
ModuleNotFoundError: No module named 'GPy'
ModuleNotFoundError: No module named 'GPy'
: No module named 'GPy'
--------------------------------------------------------------------------
Primary job  terminated normally, but 1 process returned
a non-zero exit code. Per user-direction, the job has been aborted.
--------------------------------------------------------------------------
--------------------------------------------------------------------------
mpirun detected that one or more processes exited with non-zero status, thus causing
the job to be terminated. The first process to do so was:

  Process name: [[27724,1],1]
  Exit code:    1
--------------------------------------------------------------------------
Fri Apr 12 08:24:53 PDT 2024
