r28
Wed Mar 13 21:38:31 PDT 2024
--job-name=loo_spec_3d
mpi size 12
tasks_per_rank 2
12
training the emulator based on the data of z = 0 excluding HF mpi size 12
tasks_per_rank 2
14
training the emulator based on the data of z = 0.5 excluding HF 6 

mpi size 12
tasks_per_rank 2
16
training the emulator based on the data of z = 2 excluding HF 6 

mpi size 12
tasks_per_rank 2
20
training the emulator based on the data of z = 0.5 excluding HF 7 

mpi size 12
tasks_per_rank 2
22
training the emulator based on the data of z = 2 excluding HF 7 

mpi size 12
mpi size 12
tasks_per_rank 2
4
mpi size 12
tasks_per_rank 2
10
6 

mpi size 12
tasks_per_rank 2
0
training the emulator based on the data of z = 0 excluding HF 4 

mpi size 12
tasks_per_rank 2
2
training the emulator based on the data of z = 0.5 excluding HF 4 

tasks_per_rank 2
18
training the emulator based on the data of z = 0 excluding HF 7 

mpi size 12
tasks_per_rank 2
6
training the emulator based on the data of z = 0 excluding HF 5 

mpi size 12
tasks_per_rank 2
8
training the emulator based on the data of z = 0.5 excluding HF 5 

training the emulator based on the data of z = 2 excluding HF 4 

training the emulator based on the data of z = 2 excluding HF 5 

training with L1: 1119, L2: 1119, HF: 7
training with L1: 1119, L2: 1119, HF: 7
training with L1: 1119, L2: 1119, HF: 7
training with L1: 1119, L2: 1119, HF: 7
training with L1: 1119, L2: 1119, HF: 7
training with L1: 1119, L2: 1119, HF: 7
training with L1: 1119, L2: 1119, HF: 7
training with L1: 1119, L2: 1119, HF: 7
training with L1: 1119, L2: 1119, HF: 7
training with L1: 1119, L2: 1119, HF: 7
training with L1: 1119, L2: 1119, HF: 7
training with L1: 1119, L2: 1119, HF: 7
